\BOOKMARK [1][-]{section.1}{\376\377\000I\000n\000t\000r\000o\000d\000u\000\347\000\343\000o}{}% 1
\BOOKMARK [2][-]{subsection.1.1}{\376\377\000O\000b\000j\000e\000t\000i\000v\000o\000\040\000d\000o\000\040\000R\000e\000l\000a\000t\000\363\000r\000i\000o}{section.1}% 2
\BOOKMARK [2][-]{subsection.1.2}{\376\377\000C\000o\000n\000t\000e\000x\000t\000o\000\040\000O\000r\000g\000a\000n\000i\000z\000a\000c\000i\000o\000n\000a\000l}{section.1}% 3
\BOOKMARK [2][-]{subsection.1.3}{\376\377\000P\000r\000o\000b\000l\000e\000m\000a\000\040\000e\000\040\000M\000o\000t\000i\000v\000a\000\347\000\343\000o}{section.1}% 4
\BOOKMARK [2][-]{subsection.1.4}{\376\377\000O\000b\000j\000e\000t\000i\000v\000o\000s\000\040\000d\000o\000\040\000T\000r\000a\000b\000a\000l\000h\000o\000\040\000e\000\040\000R\000e\000s\000u\000l\000t\000a\000d\000o\000s\000\040\000E\000s\000p\000e\000r\000a\000d\000o\000s}{section.1}% 5
\BOOKMARK [2][-]{subsection.1.5}{\376\377\000E\000s\000t\000r\000u\000t\000u\000r\000a\000\040\000d\000o\000\040\000R\000e\000l\000a\000t\000\363\000r\000i\000o}{section.1}% 6
\BOOKMARK [1][-]{section.2}{\376\377\000M\000e\000t\000o\000d\000o\000l\000o\000g\000i\000a\000\040\000U\000t\000i\000l\000i\000z\000a\000d\000a\000\040\000e\000\040\000P\000r\000i\000n\000c\000i\000p\000a\000i\000s\000\040\000A\000t\000i\000v\000i\000d\000a\000d\000e\000s\000\040\000D\000e\000s\000e\000n\000v\000o\000l\000v\000i\000d\000a\000s}{}% 7
\BOOKMARK [2][-]{subsection.2.1}{\376\377\000M\000e\000t\000o\000d\000o\000l\000o\000g\000i\000a\000\040\000d\000e\000\040\000D\000e\000s\000e\000n\000v\000o\000l\000v\000i\000m\000e\000n\000t\000o}{section.2}% 8
\BOOKMARK [2][-]{subsection.2.2}{\376\377\000I\000n\000t\000e\000r\000v\000e\000n\000i\000e\000n\000t\000e\000s\000,\000\040\000P\000a\000p\000\351\000i\000s\000\040\000e\000\040\000R\000e\000s\000p\000o\000n\000s\000a\000b\000i\000l\000i\000d\000a\000d\000e\000s}{section.2}% 9
\BOOKMARK [2][-]{subsection.2.3}{\376\377\000A\000t\000i\000v\000i\000d\000a\000d\000e\000s\000\040\000D\000e\000s\000e\000n\000v\000o\000l\000v\000i\000d\000a\000s}{section.2}% 10
\BOOKMARK [1][-]{section.3}{\376\377\000D\000e\000s\000e\000n\000v\000o\000l\000v\000i\000m\000e\000n\000t\000o\000\040\000d\000a\000\040\000S\000o\000l\000u\000\347\000\343\000o}{}% 11
\BOOKMARK [2][-]{subsection.3.1}{\376\377\000R\000e\000q\000u\000i\000s\000i\000t\000o\000s\000\040\000e\000\040\000R\000e\000s\000t\000r\000i\000\347\000\365\000e\000s}{section.3}% 12
\BOOKMARK [3][-]{subsubsection.3.1.1}{\376\377\000R\000e\000q\000u\000i\000s\000i\000t\000o\000s\000\040\000F\000u\000n\000c\000i\000o\000n\000a\000i\000s}{subsection.3.1}% 13
\BOOKMARK [3][-]{subsubsection.3.1.2}{\376\377\000R\000e\000q\000u\000i\000s\000i\000t\000o\000s\000\040\000N\000\343\000o\000\040\000F\000u\000n\000c\000i\000o\000n\000a\000i\000s}{subsection.3.1}% 14
\BOOKMARK [3][-]{subsubsection.3.1.3}{\376\377\000R\000e\000s\000t\000r\000i\000\347\000\365\000e\000s}{subsection.3.1}% 15
\BOOKMARK [2][-]{subsection.3.2}{\376\377\000A\000r\000q\000u\000i\000t\000e\000t\000u\000r\000a\000\040\000e\000\040\000T\000e\000c\000n\000o\000l\000o\000g\000i\000a\000s}{section.3}% 16
\BOOKMARK [3][-]{subsubsection.3.2.1}{\376\377\000P\000i\000p\000e\000l\000i\000n\000e\000\040\000d\000e\000\040\000D\000a\000d\000o\000s\000\040\000e\000\040\000T\000r\000e\000i\000n\000o}{subsection.3.2}% 17
\BOOKMARK [3][-]{subsubsection.3.2.2}{\376\377\000P\000l\000a\000t\000a\000f\000o\000r\000m\000a\000\040\000W\000e\000b}{subsection.3.2}% 18
\BOOKMARK [3][-]{subsubsection.3.2.3}{\376\377\000J\000u\000s\000t\000i\000f\000i\000c\000a\000\347\000\343\000o\000\040\000d\000a\000s\000\040\000T\000e\000c\000n\000o\000l\000o\000g\000i\000a\000s}{subsection.3.2}% 19
\BOOKMARK [2][-]{subsection.3.3}{\376\377\000S\000o\000l\000u\000\347\000\343\000o\000\040\000D\000e\000s\000e\000n\000v\000o\000l\000v\000i\000d\000a}{section.3}% 20
\BOOKMARK [3][-]{subsubsection.3.3.1}{\376\377\000S\000e\000c\000\347\000\343\000o\000\040\000I\000n\000i\000c\000i\000a\000l\000\040\000e\000\040\000E\000s\000t\000a\000t\000\355\000s\000t\000i\000c\000a\000s}{subsection.3.3}% 21
\BOOKMARK [3][-]{subsubsection.3.3.2}{\376\377\000P\000e\000s\000q\000u\000i\000s\000a\000\040\000d\000e\000\040\000C\000u\000r\000s\000o\000s}{subsection.3.3}% 22
\BOOKMARK [3][-]{subsubsection.3.3.3}{\376\377\000P\000a\000i\000n\000e\000l\000\040\000d\000e\000\040\000D\000e\000t\000a\000l\000h\000e\000\040\000d\000o\000\040\000C\000u\000r\000s\000o}{subsection.3.3}% 23
\BOOKMARK [3][-]{subsubsection.3.3.4}{\376\377\000S\000e\000c\000\347\000\365\000e\000s\000\040\000d\000e\000\040\000T\000r\000a\000n\000s\000p\000a\000r\000\352\000n\000c\000i\000a}{subsection.3.3}% 24
\BOOKMARK [2][-]{subsection.3.4}{\376\377\000V\000a\000l\000i\000d\000a\000\347\000\343\000o}{section.3}% 25
\BOOKMARK [3][-]{subsubsection.3.4.1}{\376\377\000V\000a\000l\000i\000d\000a\000\347\000\343\000o\000\040\000d\000o\000\040\000M\000o\000t\000o\000r\000\040\000d\000e\000\040\000S\000i\000m\000u\000l\000a\000\347\000\343\000o}{subsection.3.4}% 26
\BOOKMARK [3][-]{subsubsection.3.4.2}{\376\377\000V\000a\000l\000i\000d\000a\000\347\000\343\000o\000\040\000d\000o\000\040\000A\000l\000g\000o\000r\000i\000t\000m\000o\000\040\000d\000e\000\040\000P\000r\000e\000v\000i\000s\000\343\000o}{subsection.3.4}% 27
\BOOKMARK [1][-]{section.4}{\376\377\000C\000o\000n\000c\000l\000u\000s\000\365\000e\000s}{}% 28
\BOOKMARK [2][-]{subsection.4.1}{\376\377\000R\000e\000s\000u\000l\000t\000a\000d\000o\000s\000\040\000A\000l\000c\000a\000n\000\347\000a\000d\000o\000s}{section.4}% 29
\BOOKMARK [2][-]{subsection.4.2}{\376\377\000C\000o\000n\000t\000r\000i\000b\000u\000i\000\347\000\365\000e\000s\000\040\000I\000n\000d\000i\000v\000i\000d\000u\000a\000i\000s}{section.4}% 30
\BOOKMARK [2][-]{subsection.4.3}{\376\377\000L\000i\000\347\000\365\000e\000s\000\040\000A\000p\000r\000e\000n\000d\000i\000d\000a\000s}{section.4}% 31
\BOOKMARK [2][-]{subsection.4.4}{\376\377\000L\000i\000m\000i\000t\000a\000\347\000\365\000e\000s\000\040\000e\000\040\000T\000r\000a\000b\000a\000l\000h\000o\000\040\000F\000u\000t\000u\000r\000o}{section.4}% 32
\BOOKMARK [2][-]{subsection.4.5}{\376\377\000C\000o\000n\000t\000r\000i\000b\000u\000i\000\347\000\343\000o\000\040\000p\000a\000r\000a\000\040\000o\000s\000\040\000O\000b\000j\000e\000t\000i\000v\000o\000s\000\040\000d\000e\000\040\000D\000e\000s\000e\000n\000v\000o\000l\000v\000i\000m\000e\000n\000t\000o\000\040\000S\000u\000s\000t\000e\000n\000t\000\341\000v\000e\000l}{section.4}% 33
